<?xml version="1.0" encoding="UTF-8"?>
<testng-results ignored="0" total="1" passed="1" failed="0" skipped="0">
  <reporter-output>
    <line>
      <![CDATA[excecution start]]>
    </line>
    <line>
      <![CDATA[stop execution]]>
    </line>
  </reporter-output>
  <suite started-at="2021-10-06T20:36:44 IST" name="Default suite" finished-at="2021-10-06T20:36:50 IST" duration-ms="6211">
    <groups>
    </groups>
    <test started-at="2021-10-06T20:36:44 IST" name="Default test" finished-at="2021-10-06T20:36:50 IST" duration-ms="6211">
      <class name="com.saucedemo.test.PriceSortingTest">
        <test-method is-config="true" signature="start()[pri:0, instance:com.saucedemo.test.PriceSortingTest@696da30b]" started-at="2021-10-06T20:36:44 IST" name="start" finished-at="2021-10-06T20:36:44 IST" duration-ms="12" status="PASS">
          <reporter-output>
            <line>
              <![CDATA[excecution start]]>
            </line>
          </reporter-output>
        </test-method> <!-- start -->
        <test-method is-config="true" signature="openapp()[pri:0, instance:com.saucedemo.test.PriceSortingTest@696da30b]" started-at="2021-10-06T20:36:44 IST" name="openapp" finished-at="2021-10-06T20:36:47 IST" duration-ms="3678" status="PASS">
          <reporter-output>
          </reporter-output>
        </test-method> <!-- openapp -->
        <test-method signature="priceSorting()[pri:0, instance:com.saucedemo.test.PriceSortingTest@696da30b]" started-at="2021-10-06T20:36:47 IST" name="priceSorting" finished-at="2021-10-06T20:36:50 IST" duration-ms="2149" status="PASS">
          <reporter-output>
          </reporter-output>
        </test-method> <!-- priceSorting -->
        <test-method is-config="true" signature="closeapp()[pri:0, instance:com.saucedemo.test.PriceSortingTest@696da30b]" started-at="2021-10-06T20:36:50 IST" name="closeapp" finished-at="2021-10-06T20:36:50 IST" duration-ms="343" status="PASS">
          <reporter-output>
          </reporter-output>
        </test-method> <!-- closeapp -->
        <test-method is-config="true" signature="close()[pri:0, instance:com.saucedemo.test.PriceSortingTest@696da30b]" started-at="2021-10-06T20:36:50 IST" name="close" finished-at="2021-10-06T20:36:50 IST" duration-ms="0" status="PASS">
          <reporter-output>
            <line>
              <![CDATA[stop execution]]>
            </line>
          </reporter-output>
        </test-method> <!-- close -->
      </class> <!-- com.saucedemo.test.PriceSortingTest -->
    </test> <!-- Default test -->
  </suite> <!-- Default suite -->
</testng-results>
